[0.640s] Invoking command in '/home/olamidipupo/ros2_ws/src/camera_click_teleop': PYTHONPATH=/home/olamidipupo/ros2_ws/src/build/camera_click_teleop/prefix_override:/usr/lib/python3/dist-packages/colcon_core/task/python/colcon_distutils_commands:/home/olamidipupo/ros2_ws/src/install/camera_click_teleop/lib/python3.10/site-packages:${PYTHONPATH} /usr/bin/python3 -W ignore:setup.py install is deprecated -W ignore:easy_install command is deprecated setup.py egg_info --egg-base ../build/camera_click_teleop build --build-base /home/olamidipupo/ros2_ws/src/build/camera_click_teleop/build install --record /home/olamidipupo/ros2_ws/src/build/camera_click_teleop/install.log --single-version-externally-managed install_data
[0.884s] running egg_info
[0.885s] writing ../build/camera_click_teleop/camera_click_teleop.egg-info/PKG-INFO
[0.885s] writing dependency_links to ../build/camera_click_teleop/camera_click_teleop.egg-info/dependency_links.txt
[0.885s] writing entry points to ../build/camera_click_teleop/camera_click_teleop.egg-info/entry_points.txt
[0.885s] writing requirements to ../build/camera_click_teleop/camera_click_teleop.egg-info/requires.txt
[0.885s] writing top-level names to ../build/camera_click_teleop/camera_click_teleop.egg-info/top_level.txt
[0.888s] reading manifest file '../build/camera_click_teleop/camera_click_teleop.egg-info/SOURCES.txt'
[0.889s] writing manifest file '../build/camera_click_teleop/camera_click_teleop.egg-info/SOURCES.txt'
[0.889s] running build
[0.889s] running build_py
[0.889s] running install
[0.890s] running install_lib
[0.891s] running install_data
[0.891s] running install_egg_info
[0.893s] removing '/home/olamidipupo/ros2_ws/src/install/camera_click_teleop/lib/python3.10/site-packages/camera_click_teleop-0.0.0-py3.10.egg-info' (and everything under it)
[0.893s] Copying ../build/camera_click_teleop/camera_click_teleop.egg-info to /home/olamidipupo/ros2_ws/src/install/camera_click_teleop/lib/python3.10/site-packages/camera_click_teleop-0.0.0-py3.10.egg-info
[0.894s] running install_scripts
[0.913s] Installing click_teleop_node script to /home/olamidipupo/ros2_ws/src/install/camera_click_teleop/lib/camera_click_teleop
[0.914s] writing list of installed files to '/home/olamidipupo/ros2_ws/src/build/camera_click_teleop/install.log'
[0.942s] Invoked command in '/home/olamidipupo/ros2_ws/src/camera_click_teleop' returned '0': PYTHONPATH=/home/olamidipupo/ros2_ws/src/build/camera_click_teleop/prefix_override:/usr/lib/python3/dist-packages/colcon_core/task/python/colcon_distutils_commands:/home/olamidipupo/ros2_ws/src/install/camera_click_teleop/lib/python3.10/site-packages:${PYTHONPATH} /usr/bin/python3 -W ignore:setup.py install is deprecated -W ignore:easy_install command is deprecated setup.py egg_info --egg-base ../build/camera_click_teleop build --build-base /home/olamidipupo/ros2_ws/src/build/camera_click_teleop/build install --record /home/olamidipupo/ros2_ws/src/build/camera_click_teleop/install.log --single-version-externally-managed install_data
