[0.648s] Invoking command in '/home/olamidipupo/ros2_ws/src/camera_click_teleop': PYTHONPATH=/home/olamidipupo/ros2_ws/build/camera_click_teleop/prefix_override:/usr/lib/python3/dist-packages/colcon_core/task/python/colcon_distutils_commands:/home/olamidipupo/ros2_ws/install/camera_click_teleop/lib/python3.10/site-packages:${PYTHONPATH} /usr/bin/python3 -W ignore:setup.py install is deprecated -W ignore:easy_install command is deprecated setup.py egg_info --egg-base ../../build/camera_click_teleop build --build-base /home/olamidipupo/ros2_ws/build/camera_click_teleop/build install --record /home/olamidipupo/ros2_ws/build/camera_click_teleop/install.log --single-version-externally-managed install_data
[0.893s] running egg_info
[0.893s] writing ../../build/camera_click_teleop/camera_click_teleop.egg-info/PKG-INFO
[0.893s] writing dependency_links to ../../build/camera_click_teleop/camera_click_teleop.egg-info/dependency_links.txt
[0.894s] writing entry points to ../../build/camera_click_teleop/camera_click_teleop.egg-info/entry_points.txt
[0.894s] writing requirements to ../../build/camera_click_teleop/camera_click_teleop.egg-info/requires.txt
[0.894s] writing top-level names to ../../build/camera_click_teleop/camera_click_teleop.egg-info/top_level.txt
[0.896s] reading manifest file '../../build/camera_click_teleop/camera_click_teleop.egg-info/SOURCES.txt'
[0.896s] writing manifest file '../../build/camera_click_teleop/camera_click_teleop.egg-info/SOURCES.txt'
[0.897s] running build
[0.897s] running build_py
[0.897s] running install
[0.897s] running install_lib
[0.898s] running install_data
[0.898s] copying package.xml -> /home/olamidipupo/ros2_ws/install/camera_click_teleop/share/ament_index/resource_index/packages
[0.899s] creating /home/olamidipupo/ros2_ws/install/camera_click_teleop/share/camera_click_teleop/launch
[0.899s] copying launch/click_teleop_with_v4l2.launch.py -> /home/olamidipupo/ros2_ws/install/camera_click_teleop/share/camera_click_teleop/launch
[0.899s] running install_egg_info
[0.901s] Copying ../../build/camera_click_teleop/camera_click_teleop.egg-info to /home/olamidipupo/ros2_ws/install/camera_click_teleop/lib/python3.10/site-packages/camera_click_teleop-0.0.1-py3.10.egg-info
[0.902s] running install_scripts
[0.921s] Installing click_teleop_node script to /home/olamidipupo/ros2_ws/install/camera_click_teleop/lib/camera_click_teleop
[0.922s] writing list of installed files to '/home/olamidipupo/ros2_ws/build/camera_click_teleop/install.log'
[0.953s] Invoked command in '/home/olamidipupo/ros2_ws/src/camera_click_teleop' returned '0': PYTHONPATH=/home/olamidipupo/ros2_ws/build/camera_click_teleop/prefix_override:/usr/lib/python3/dist-packages/colcon_core/task/python/colcon_distutils_commands:/home/olamidipupo/ros2_ws/install/camera_click_teleop/lib/python3.10/site-packages:${PYTHONPATH} /usr/bin/python3 -W ignore:setup.py install is deprecated -W ignore:easy_install command is deprecated setup.py egg_info --egg-base ../../build/camera_click_teleop build --build-base /home/olamidipupo/ros2_ws/build/camera_click_teleop/build install --record /home/olamidipupo/ros2_ws/build/camera_click_teleop/install.log --single-version-externally-managed install_data
