[0.660s] Invoking command in '/home/olamidipupo/ros2_ws/build/camera_click_teleop': PYTHONPATH=/home/olamidipupo/ros2_ws/build/camera_click_teleop/prefix_override:/usr/lib/python3/dist-packages/colcon_core/task/python/colcon_distutils_commands:/home/olamidipupo/ros2_ws/install/camera_click_teleop/lib/python3.10/site-packages:${PYTHONPATH} /usr/bin/python3 -W ignore:setup.py install is deprecated -W ignore:easy_install command is deprecated setup.py develop --uninstall --editable --build-directory /home/olamidipupo/ros2_ws/build/camera_click_teleop/build
[0.924s] running develop
[1.106s] Removing /home/olamidipupo/ros2_ws/install/camera_click_teleop/lib/python3.10/site-packages/camera-click-teleop.egg-link (link to .)
[1.138s] Invoked command in '/home/olamidipupo/ros2_ws/build/camera_click_teleop' returned '0': PYTHONPATH=/home/olamidipupo/ros2_ws/build/camera_click_teleop/prefix_override:/usr/lib/python3/dist-packages/colcon_core/task/python/colcon_distutils_commands:/home/olamidipupo/ros2_ws/install/camera_click_teleop/lib/python3.10/site-packages:${PYTHONPATH} /usr/bin/python3 -W ignore:setup.py install is deprecated -W ignore:easy_install command is deprecated setup.py develop --uninstall --editable --build-directory /home/olamidipupo/ros2_ws/build/camera_click_teleop/build
[1.140s] Invoking command in '/home/olamidipupo/ros2_ws/src/camera_click_teleop': PYTHONPATH=/home/olamidipupo/ros2_ws/build/camera_click_teleop/prefix_override:/usr/lib/python3/dist-packages/colcon_core/task/python/colcon_distutils_commands:/home/olamidipupo/ros2_ws/install/camera_click_teleop/lib/python3.10/site-packages:${PYTHONPATH} /usr/bin/python3 -W ignore:setup.py install is deprecated -W ignore:easy_install command is deprecated setup.py egg_info --egg-base ../../build/camera_click_teleop build --build-base /home/olamidipupo/ros2_ws/build/camera_click_teleop/build install --record /home/olamidipupo/ros2_ws/build/camera_click_teleop/install.log --single-version-externally-managed install_data --force
[1.389s] running egg_info
[1.390s] writing ../../build/camera_click_teleop/camera_click_teleop.egg-info/PKG-INFO
[1.390s] writing dependency_links to ../../build/camera_click_teleop/camera_click_teleop.egg-info/dependency_links.txt
[1.390s] writing entry points to ../../build/camera_click_teleop/camera_click_teleop.egg-info/entry_points.txt
[1.391s] writing requirements to ../../build/camera_click_teleop/camera_click_teleop.egg-info/requires.txt
[1.391s] writing top-level names to ../../build/camera_click_teleop/camera_click_teleop.egg-info/top_level.txt
[1.393s] reading manifest file '../../build/camera_click_teleop/camera_click_teleop.egg-info/SOURCES.txt'
[1.394s] writing manifest file '../../build/camera_click_teleop/camera_click_teleop.egg-info/SOURCES.txt'
[1.394s] running build
[1.394s] running build_py
[1.394s] copying camera_click_teleop/click_teleop_node.py -> /home/olamidipupo/ros2_ws/build/camera_click_teleop/build/lib/camera_click_teleop
[1.394s] running install
[1.395s] running install_lib
[1.395s] creating /home/olamidipupo/ros2_ws/install/camera_click_teleop/lib/python3.10/site-packages/camera_click_teleop
[1.395s] copying /home/olamidipupo/ros2_ws/build/camera_click_teleop/build/lib/camera_click_teleop/__init__.py -> /home/olamidipupo/ros2_ws/install/camera_click_teleop/lib/python3.10/site-packages/camera_click_teleop
[1.395s] copying /home/olamidipupo/ros2_ws/build/camera_click_teleop/build/lib/camera_click_teleop/click_teleop_node.py -> /home/olamidipupo/ros2_ws/install/camera_click_teleop/lib/python3.10/site-packages/camera_click_teleop
[1.396s] byte-compiling /home/olamidipupo/ros2_ws/install/camera_click_teleop/lib/python3.10/site-packages/camera_click_teleop/__init__.py to __init__.cpython-310.pyc
[1.396s] byte-compiling /home/olamidipupo/ros2_ws/install/camera_click_teleop/lib/python3.10/site-packages/camera_click_teleop/click_teleop_node.py to click_teleop_node.cpython-310.pyc
[1.397s] running install_data
[1.397s] copying package.xml -> /home/olamidipupo/ros2_ws/install/camera_click_teleop/share/ament_index/resource_index/packages
[1.397s] copying launch/click_teleop_with_v4l2.launch.py -> /home/olamidipupo/ros2_ws/install/camera_click_teleop/share/camera_click_teleop/launch
[1.397s] running install_egg_info
[1.399s] Copying ../../build/camera_click_teleop/camera_click_teleop.egg-info to /home/olamidipupo/ros2_ws/install/camera_click_teleop/lib/python3.10/site-packages/camera_click_teleop-0.0.1-py3.10.egg-info
[1.400s] running install_scripts
[1.420s] Installing click_teleop_node script to /home/olamidipupo/ros2_ws/install/camera_click_teleop/lib/camera_click_teleop
[1.420s] writing list of installed files to '/home/olamidipupo/ros2_ws/build/camera_click_teleop/install.log'
[1.450s] Invoked command in '/home/olamidipupo/ros2_ws/src/camera_click_teleop' returned '0': PYTHONPATH=/home/olamidipupo/ros2_ws/build/camera_click_teleop/prefix_override:/usr/lib/python3/dist-packages/colcon_core/task/python/colcon_distutils_commands:/home/olamidipupo/ros2_ws/install/camera_click_teleop/lib/python3.10/site-packages:${PYTHONPATH} /usr/bin/python3 -W ignore:setup.py install is deprecated -W ignore:easy_install command is deprecated setup.py egg_info --egg-base ../../build/camera_click_teleop build --build-base /home/olamidipupo/ros2_ws/build/camera_click_teleop/build install --record /home/olamidipupo/ros2_ws/build/camera_click_teleop/install.log --single-version-externally-managed install_data --force
