running develop
running egg_info
creating robot_control_interface.egg-info
writing robot_control_interface.egg-info/PKG-INFO
writing dependency_links to robot_control_interface.egg-info/dependency_links.txt
writing entry points to robot_control_interface.egg-info/entry_points.txt
writing requirements to robot_control_interface.egg-info/requires.txt
writing top-level names to robot_control_interface.egg-info/top_level.txt
writing manifest file 'robot_control_interface.egg-info/SOURCES.txt'
reading manifest file 'robot_control_interface.egg-info/SOURCES.txt'
writing manifest file 'robot_control_interface.egg-info/SOURCES.txt'
running build_ext
Creating /home/olamidipupo/ros2_ws/install/robot_control_interface/lib/python3.10/site-packages/robot-control-interface.egg-link (link to .)
Installing camera_control_node script to /home/olamidipupo/ros2_ws/install/robot_control_interface/lib/robot_control_interface

Installed /home/olamidipupo/ros2_ws/build/robot_control_interface
running symlink_data
creating /home/olamidipupo/ros2_ws/install/robot_control_interface/share/ament_index
creating /home/olamidipupo/ros2_ws/install/robot_control_interface/share/ament_index/resource_index
creating /home/olamidipupo/ros2_ws/install/robot_control_interface/share/ament_index/resource_index/packages
symbolically linking /home/olamidipupo/ros2_ws/build/robot_control_interface/resource/robot_control_interface -> /home/olamidipupo/ros2_ws/install/robot_control_interface/share/ament_index/resource_index/packages
symbolically linking /home/olamidipupo/ros2_ws/build/robot_control_interface/package.xml -> /home/olamidipupo/ros2_ws/install/robot_control_interface/share/robot_control_interface
creating /home/olamidipupo/ros2_ws/install/robot_control_interface/share/robot_control_interface/launch
symbolically linking /home/olamidipupo/ros2_ws/build/robot_control_interface/launch/ur5_aruco.launch.py -> /home/olamidipupo/ros2_ws/install/robot_control_interface/share/robot_control_interface/launch
symbolically linking /home/olamidipupo/ros2_ws/build/robot_control_interface/launch/basic_turtlebot.launch.py -> /home/olamidipupo/ros2_ws/install/robot_control_interface/share/robot_control_interface/launch
creating /home/olamidipupo/ros2_ws/install/robot_control_interface/share/robot_control_interface/config
symbolically linking /home/olamidipupo/ros2_ws/build/robot_control_interface/config/generate_aruco.py -> /home/olamidipupo/ros2_ws/install/robot_control_interface/share/robot_control_interface/config
creating /home/olamidipupo/ros2_ws/install/robot_control_interface/share/robot_control_interface/scripts
symbolically linking /home/olamidipupo/ros2_ws/build/robot_control_interface/scripts/entrypoint.sh -> /home/olamidipupo/ros2_ws/install/robot_control_interface/share/robot_control_interface/scripts
symbolically linking /home/olamidipupo/ros2_ws/build/robot_control_interface/scripts/setup_workspace.sh -> /home/olamidipupo/ros2_ws/install/robot_control_interface/share/robot_control_interface/scripts
symbolically linking /home/olamidipupo/ros2_ws/build/robot_control_interface/scripts/install_dependencies.sh -> /home/olamidipupo/ros2_ws/install/robot_control_interface/share/robot_control_interface/scripts
