[0.104s] DEBUG:colcon:Command line arguments: ['/usr/bin/colcon', 'build', '--packages-select', 'camera_click_teleop']
[0.104s] DEBUG:colcon:Parsed command line arguments: Namespace(log_base=None, log_level=None, verb_name='build', build_base='build', install_base='install', merge_install=False, symlink_install=False, test_result_base=None, continue_on_error=False, executor='parallel', parallel_workers=8, event_handlers=None, ignore_user_meta=False, metas=['./colcon.meta'], base_paths=['.'], packages_ignore=None, packages_ignore_regex=None, paths=None, packages_up_to=None, packages_up_to_regex=None, packages_above=None, packages_above_and_dependencies=None, packages_above_depth=None, packages_select_by_dep=None, packages_skip_by_dep=None, packages_skip_up_to=None, packages_select_build_failed=False, packages_skip_build_finished=False, packages_select_test_failures=False, packages_skip_test_passed=False, packages_select=['camera_click_teleop'], packages_skip=None, packages_select_regex=None, packages_skip_regex=None, packages_start=None, packages_end=None, allow_overriding=[], cmake_args=None, cmake_target=None, cmake_target_skip_unavailable=False, cmake_clean_cache=False, cmake_clean_first=False, cmake_force_configure=False, ament_cmake_args=None, catkin_cmake_args=None, catkin_skip_building_tests=False, verb_parser=<colcon_defaults.argument_parser.defaults.DefaultArgumentsDecorator object at 0x75385a46ca60>, verb_extension=<colcon_core.verb.build.BuildVerb object at 0x75385a56df30>, main=<bound method BuildVerb.main of <colcon_core.verb.build.BuildVerb object at 0x75385a56df30>>)
[0.278s] Level 1:colcon.colcon_core.package_discovery:discover_packages(colcon_meta) check parameters
[0.278s] Level 1:colcon.colcon_core.package_discovery:discover_packages(recursive) check parameters
[0.278s] Level 1:colcon.colcon_core.package_discovery:discover_packages(ignore) check parameters
[0.278s] Level 1:colcon.colcon_core.package_discovery:discover_packages(path) check parameters
[0.278s] Level 1:colcon.colcon_core.package_discovery:discover_packages(colcon_meta) discover
[0.278s] Level 1:colcon.colcon_core.package_discovery:discover_packages(recursive) discover
[0.278s] INFO:colcon.colcon_core.package_discovery:Crawling recursively for packages in '/home/olamidipupo/ros2_ws/src'
[0.278s] Level 1:colcon.colcon_core.package_identification:_identify(.) by extensions ['ignore', 'ignore_ament_install']
[0.278s] Level 1:colcon.colcon_core.package_identification:_identify(.) by extension 'ignore'
[0.278s] Level 1:colcon.colcon_core.package_identification:_identify(.) by extension 'ignore_ament_install'
[0.278s] Level 1:colcon.colcon_core.package_identification:_identify(.) by extensions ['colcon_pkg']
[0.278s] Level 1:colcon.colcon_core.package_identification:_identify(.) by extension 'colcon_pkg'
[0.278s] Level 1:colcon.colcon_core.package_identification:_identify(.) by extensions ['colcon_meta']
[0.278s] Level 1:colcon.colcon_core.package_identification:_identify(.) by extension 'colcon_meta'
[0.278s] Level 1:colcon.colcon_core.package_identification:_identify(.) by extensions ['ros']
[0.278s] Level 1:colcon.colcon_core.package_identification:_identify(.) by extension 'ros'
[0.289s] Level 1:colcon.colcon_core.package_identification:_identify(.) by extensions ['cmake', 'python']
[0.289s] Level 1:colcon.colcon_core.package_identification:_identify(.) by extension 'cmake'
[0.289s] Level 1:colcon.colcon_core.package_identification:_identify(.) by extension 'python'
[0.289s] Level 1:colcon.colcon_core.package_identification:_identify(.) by extensions ['python_setup_py']
[0.289s] Level 1:colcon.colcon_core.package_identification:_identify(.) by extension 'python_setup_py'
[0.289s] Level 1:colcon.colcon_core.package_identification:_identify(build) by extensions ['ignore', 'ignore_ament_install']
[0.289s] Level 1:colcon.colcon_core.package_identification:_identify(build) by extension 'ignore'
[0.289s] Level 1:colcon.colcon_core.package_identification:_identify(build) ignored
[0.289s] Level 1:colcon.colcon_core.package_identification:_identify(camera_click_teleop) by extensions ['ignore', 'ignore_ament_install']
[0.289s] Level 1:colcon.colcon_core.package_identification:_identify(camera_click_teleop) by extension 'ignore'
[0.290s] Level 1:colcon.colcon_core.package_identification:_identify(camera_click_teleop) by extension 'ignore_ament_install'
[0.290s] Level 1:colcon.colcon_core.package_identification:_identify(camera_click_teleop) by extensions ['colcon_pkg']
[0.290s] Level 1:colcon.colcon_core.package_identification:_identify(camera_click_teleop) by extension 'colcon_pkg'
[0.290s] Level 1:colcon.colcon_core.package_identification:_identify(camera_click_teleop) by extensions ['colcon_meta']
[0.290s] Level 1:colcon.colcon_core.package_identification:_identify(camera_click_teleop) by extension 'colcon_meta'
[0.290s] Level 1:colcon.colcon_core.package_identification:_identify(camera_click_teleop) by extensions ['ros']
[0.290s] Level 1:colcon.colcon_core.package_identification:_identify(camera_click_teleop) by extension 'ros'
[0.292s] DEBUG:colcon.colcon_core.package_identification:Package 'camera_click_teleop' with type 'ros.ament_python' and name 'camera_click_teleop'
[0.292s] Level 1:colcon.colcon_core.package_identification:_identify(install) by extensions ['ignore', 'ignore_ament_install']
[0.292s] Level 1:colcon.colcon_core.package_identification:_identify(install) by extension 'ignore'
[0.292s] Level 1:colcon.colcon_core.package_identification:_identify(install) ignored
[0.292s] Level 1:colcon.colcon_core.package_identification:_identify(log) by extensions ['ignore', 'ignore_ament_install']
[0.292s] Level 1:colcon.colcon_core.package_identification:_identify(log) by extension 'ignore'
[0.292s] Level 1:colcon.colcon_core.package_identification:_identify(log) ignored
[0.292s] Level 1:colcon.colcon_core.package_discovery:discover_packages(recursive) using defaults
[0.292s] Level 1:colcon.colcon_core.package_discovery:discover_packages(ignore) discover
[0.292s] Level 1:colcon.colcon_core.package_discovery:discover_packages(ignore) using defaults
[0.292s] Level 1:colcon.colcon_core.package_discovery:discover_packages(path) discover
[0.292s] Level 1:colcon.colcon_core.package_discovery:discover_packages(path) using defaults
[0.323s] Level 1:colcon.colcon_core.package_discovery:discover_packages(prefix_path) check parameters
[0.323s] Level 1:colcon.colcon_core.package_discovery:discover_packages(prefix_path) discover
[0.324s] DEBUG:colcon.colcon_installed_package_information.package_discovery:Found 1 installed packages in /home/olamidipupo/ros2_ws/src/install
[0.325s] DEBUG:colcon.colcon_installed_package_information.package_discovery:Found 0 installed packages in /home/olamidipupo/ros2_ws/install
[0.327s] DEBUG:colcon.colcon_installed_package_information.package_discovery:Found 428 installed packages in /opt/ros/humble
[0.328s] Level 1:colcon.colcon_core.package_discovery:discover_packages(prefix_path) using defaults
[0.384s] Level 5:colcon.colcon_core.verb:set package 'camera_click_teleop' build argument 'cmake_args' from command line to 'None'
[0.384s] Level 5:colcon.colcon_core.verb:set package 'camera_click_teleop' build argument 'cmake_target' from command line to 'None'
[0.384s] Level 5:colcon.colcon_core.verb:set package 'camera_click_teleop' build argument 'cmake_target_skip_unavailable' from command line to 'False'
[0.384s] Level 5:colcon.colcon_core.verb:set package 'camera_click_teleop' build argument 'cmake_clean_cache' from command line to 'False'
[0.384s] Level 5:colcon.colcon_core.verb:set package 'camera_click_teleop' build argument 'cmake_clean_first' from command line to 'False'
[0.384s] Level 5:colcon.colcon_core.verb:set package 'camera_click_teleop' build argument 'cmake_force_configure' from command line to 'False'
[0.384s] Level 5:colcon.colcon_core.verb:set package 'camera_click_teleop' build argument 'ament_cmake_args' from command line to 'None'
[0.384s] Level 5:colcon.colcon_core.verb:set package 'camera_click_teleop' build argument 'catkin_cmake_args' from command line to 'None'
[0.384s] Level 5:colcon.colcon_core.verb:set package 'camera_click_teleop' build argument 'catkin_skip_building_tests' from command line to 'False'
[0.384s] DEBUG:colcon.colcon_core.verb:Building package 'camera_click_teleop' with the following arguments: {'ament_cmake_args': None, 'build_base': '/home/olamidipupo/ros2_ws/src/build/camera_click_teleop', 'catkin_cmake_args': None, 'catkin_skip_building_tests': False, 'cmake_args': None, 'cmake_clean_cache': False, 'cmake_clean_first': False, 'cmake_force_configure': False, 'cmake_target': None, 'cmake_target_skip_unavailable': False, 'install_base': '/home/olamidipupo/ros2_ws/src/install/camera_click_teleop', 'merge_install': False, 'path': '/home/olamidipupo/ros2_ws/src/camera_click_teleop', 'symlink_install': False, 'test_result_base': None}
[0.384s] INFO:colcon.colcon_core.executor:Executing jobs using 'parallel' executor
[0.385s] DEBUG:colcon.colcon_parallel_executor.executor.parallel:run_until_complete
[0.385s] INFO:colcon.colcon_ros.task.ament_python.build:Building ROS package in '/home/olamidipupo/ros2_ws/src/camera_click_teleop' with build type 'ament_python'
[0.386s] Level 1:colcon.colcon_core.shell:create_environment_hook('camera_click_teleop', 'ament_prefix_path')
[0.388s] INFO:colcon.colcon_core.plugin_system:Skipping extension 'colcon_core.shell.bat': Not used on non-Windows systems
[0.388s] INFO:colcon.colcon_core.shell:Creating environment hook '/home/olamidipupo/ros2_ws/src/install/camera_click_teleop/share/camera_click_teleop/hook/ament_prefix_path.ps1'
[0.389s] INFO:colcon.colcon_core.shell:Creating environment descriptor '/home/olamidipupo/ros2_ws/src/install/camera_click_teleop/share/camera_click_teleop/hook/ament_prefix_path.dsv'
[0.389s] INFO:colcon.colcon_core.shell:Creating environment hook '/home/olamidipupo/ros2_ws/src/install/camera_click_teleop/share/camera_click_teleop/hook/ament_prefix_path.sh'
[0.390s] INFO:colcon.colcon_core.shell:Skip shell extension 'powershell' for command environment: Not usable outside of PowerShell
[0.390s] DEBUG:colcon.colcon_core.shell:Skip shell extension 'dsv' for command environment
[0.656s] INFO:colcon.colcon_core.task.python.build:Building Python package in '/home/olamidipupo/ros2_ws/src/camera_click_teleop'
[0.656s] INFO:colcon.colcon_core.shell:Skip shell extension 'powershell' for command environment: Not usable outside of PowerShell
[0.656s] DEBUG:colcon.colcon_core.shell:Skip shell extension 'dsv' for command environment
[1.026s] DEBUG:colcon.colcon_core.event_handler.log_command:Invoking command in '/home/olamidipupo/ros2_ws/src/camera_click_teleop': PYTHONPATH=/home/olamidipupo/ros2_ws/src/build/camera_click_teleop/prefix_override:/usr/lib/python3/dist-packages/colcon_core/task/python/colcon_distutils_commands:/home/olamidipupo/ros2_ws/src/install/camera_click_teleop/lib/python3.10/site-packages:${PYTHONPATH} /usr/bin/python3 -W ignore:setup.py install is deprecated -W ignore:easy_install command is deprecated setup.py egg_info --egg-base ../build/camera_click_teleop build --build-base /home/olamidipupo/ros2_ws/src/build/camera_click_teleop/build install --record /home/olamidipupo/ros2_ws/src/build/camera_click_teleop/install.log --single-version-externally-managed install_data
[1.328s] DEBUG:colcon.colcon_core.event_handler.log_command:Invoked command in '/home/olamidipupo/ros2_ws/src/camera_click_teleop' returned '0': PYTHONPATH=/home/olamidipupo/ros2_ws/src/build/camera_click_teleop/prefix_override:/usr/lib/python3/dist-packages/colcon_core/task/python/colcon_distutils_commands:/home/olamidipupo/ros2_ws/src/install/camera_click_teleop/lib/python3.10/site-packages:${PYTHONPATH} /usr/bin/python3 -W ignore:setup.py install is deprecated -W ignore:easy_install command is deprecated setup.py egg_info --egg-base ../build/camera_click_teleop build --build-base /home/olamidipupo/ros2_ws/src/build/camera_click_teleop/build install --record /home/olamidipupo/ros2_ws/src/build/camera_click_teleop/install.log --single-version-externally-managed install_data
[1.330s] Level 1:colcon.colcon_core.environment:checking '/home/olamidipupo/ros2_ws/src/install/camera_click_teleop' for CMake module files
[1.331s] Level 1:colcon.colcon_core.environment:checking '/home/olamidipupo/ros2_ws/src/install/camera_click_teleop' for CMake config files
[1.332s] Level 1:colcon.colcon_core.environment:checking '/home/olamidipupo/ros2_ws/src/install/camera_click_teleop/lib'
[1.332s] Level 1:colcon.colcon_core.environment:checking '/home/olamidipupo/ros2_ws/src/install/camera_click_teleop/bin'
[1.332s] Level 1:colcon.colcon_core.environment:checking '/home/olamidipupo/ros2_ws/src/install/camera_click_teleop/lib/pkgconfig/camera_click_teleop.pc'
[1.332s] Level 1:colcon.colcon_core.environment:checking '/home/olamidipupo/ros2_ws/src/install/camera_click_teleop/lib/python3.10/site-packages'
[1.332s] Level 1:colcon.colcon_core.shell:create_environment_hook('camera_click_teleop', 'pythonpath')
[1.332s] INFO:colcon.colcon_core.shell:Creating environment hook '/home/olamidipupo/ros2_ws/src/install/camera_click_teleop/share/camera_click_teleop/hook/pythonpath.ps1'
[1.333s] INFO:colcon.colcon_core.shell:Creating environment descriptor '/home/olamidipupo/ros2_ws/src/install/camera_click_teleop/share/camera_click_teleop/hook/pythonpath.dsv'
[1.333s] INFO:colcon.colcon_core.shell:Creating environment hook '/home/olamidipupo/ros2_ws/src/install/camera_click_teleop/share/camera_click_teleop/hook/pythonpath.sh'
[1.334s] Level 1:colcon.colcon_core.environment:checking '/home/olamidipupo/ros2_ws/src/install/camera_click_teleop/bin'
[1.334s] Level 1:colcon.colcon_core.environment:create_environment_scripts_only(camera_click_teleop)
[1.334s] INFO:colcon.colcon_core.shell:Creating package script '/home/olamidipupo/ros2_ws/src/install/camera_click_teleop/share/camera_click_teleop/package.ps1'
[1.335s] INFO:colcon.colcon_core.shell:Creating package descriptor '/home/olamidipupo/ros2_ws/src/install/camera_click_teleop/share/camera_click_teleop/package.dsv'
[1.336s] INFO:colcon.colcon_core.shell:Creating package script '/home/olamidipupo/ros2_ws/src/install/camera_click_teleop/share/camera_click_teleop/package.sh'
[1.337s] INFO:colcon.colcon_core.shell:Creating package script '/home/olamidipupo/ros2_ws/src/install/camera_click_teleop/share/camera_click_teleop/package.bash'
[1.337s] INFO:colcon.colcon_core.shell:Creating package script '/home/olamidipupo/ros2_ws/src/install/camera_click_teleop/share/camera_click_teleop/package.zsh'
[1.338s] Level 1:colcon.colcon_core.environment:create_file_with_runtime_dependencies(/home/olamidipupo/ros2_ws/src/install/camera_click_teleop/share/colcon-core/packages/camera_click_teleop)
[1.338s] DEBUG:colcon.colcon_parallel_executor.executor.parallel:closing loop
[1.339s] DEBUG:colcon.colcon_parallel_executor.executor.parallel:loop closed
[1.339s] DEBUG:colcon.colcon_parallel_executor.executor.parallel:run_until_complete finished with '0'
[1.339s] DEBUG:colcon.colcon_core.event_reactor:joining thread
[1.344s] INFO:colcon.colcon_core.plugin_system:Skipping extension 'colcon_notification.desktop_notification.terminal_notifier': Not used on non-Darwin systems
[1.344s] INFO:colcon.colcon_core.plugin_system:Skipping extension 'colcon_notification.desktop_notification.win32': Not used on non-Windows systems
[1.345s] INFO:colcon.colcon_notification.desktop_notification:Sending desktop notification using 'notify2'
[1.359s] DEBUG:colcon.colcon_core.event_reactor:joined thread
[1.360s] INFO:colcon.colcon_core.shell:Creating prefix script '/home/olamidipupo/ros2_ws/src/install/local_setup.ps1'
[1.361s] INFO:colcon.colcon_core.shell:Creating prefix util module '/home/olamidipupo/ros2_ws/src/install/_local_setup_util_ps1.py'
[1.363s] INFO:colcon.colcon_core.shell:Creating prefix chain script '/home/olamidipupo/ros2_ws/src/install/setup.ps1'
[1.365s] INFO:colcon.colcon_core.shell:Creating prefix script '/home/olamidipupo/ros2_ws/src/install/local_setup.sh'
[1.366s] INFO:colcon.colcon_core.shell:Creating prefix util module '/home/olamidipupo/ros2_ws/src/install/_local_setup_util_sh.py'
[1.367s] INFO:colcon.colcon_core.shell:Creating prefix chain script '/home/olamidipupo/ros2_ws/src/install/setup.sh'
[1.368s] INFO:colcon.colcon_core.shell:Creating prefix script '/home/olamidipupo/ros2_ws/src/install/local_setup.bash'
[1.368s] INFO:colcon.colcon_core.shell:Creating prefix chain script '/home/olamidipupo/ros2_ws/src/install/setup.bash'
[1.369s] INFO:colcon.colcon_core.shell:Creating prefix script '/home/olamidipupo/ros2_ws/src/install/local_setup.zsh'
[1.370s] INFO:colcon.colcon_core.shell:Creating prefix chain script '/home/olamidipupo/ros2_ws/src/install/setup.zsh'
