running egg_info
creating ../../build/camera_click_teleop/camera_click_teleop.egg-info
writing ../../build/camera_click_teleop/camera_click_teleop.egg-info/PKG-INFO
writing dependency_links to ../../build/camera_click_teleop/camera_click_teleop.egg-info/dependency_links.txt
writing entry points to ../../build/camera_click_teleop/camera_click_teleop.egg-info/entry_points.txt
writing requirements to ../../build/camera_click_teleop/camera_click_teleop.egg-info/requires.txt
writing top-level names to ../../build/camera_click_teleop/camera_click_teleop.egg-info/top_level.txt
writing manifest file '../../build/camera_click_teleop/camera_click_teleop.egg-info/SOURCES.txt'
reading manifest file '../../build/camera_click_teleop/camera_click_teleop.egg-info/SOURCES.txt'
writing manifest file '../../build/camera_click_teleop/camera_click_teleop.egg-info/SOURCES.txt'
running build
running build_py
creating /home/olamidipupo/ros2_ws/build/camera_click_teleop/build
creating /home/olamidipupo/ros2_ws/build/camera_click_teleop/build/lib
creating /home/olamidipupo/ros2_ws/build/camera_click_teleop/build/lib/camera_click_teleop
copying camera_click_teleop/__init__.py -> /home/olamidipupo/ros2_ws/build/camera_click_teleop/build/lib/camera_click_teleop
copying camera_click_teleop/click_teleop_node.py -> /home/olamidipupo/ros2_ws/build/camera_click_teleop/build/lib/camera_click_teleop
running install
running install_lib
creating /home/olamidipupo/ros2_ws/install/camera_click_teleop/lib/python3.10/site-packages/camera_click_teleop
copying /home/olamidipupo/ros2_ws/build/camera_click_teleop/build/lib/camera_click_teleop/__init__.py -> /home/olamidipupo/ros2_ws/install/camera_click_teleop/lib/python3.10/site-packages/camera_click_teleop
copying /home/olamidipupo/ros2_ws/build/camera_click_teleop/build/lib/camera_click_teleop/click_teleop_node.py -> /home/olamidipupo/ros2_ws/install/camera_click_teleop/lib/python3.10/site-packages/camera_click_teleop
byte-compiling /home/olamidipupo/ros2_ws/install/camera_click_teleop/lib/python3.10/site-packages/camera_click_teleop/__init__.py to __init__.cpython-310.pyc
byte-compiling /home/olamidipupo/ros2_ws/install/camera_click_teleop/lib/python3.10/site-packages/camera_click_teleop/click_teleop_node.py to click_teleop_node.cpython-310.pyc
running install_data
creating /home/olamidipupo/ros2_ws/install/camera_click_teleop/share/ament_index
creating /home/olamidipupo/ros2_ws/install/camera_click_teleop/share/ament_index/resource_index
creating /home/olamidipupo/ros2_ws/install/camera_click_teleop/share/ament_index/resource_index/packages
copying resource/camera_click_teleop -> /home/olamidipupo/ros2_ws/install/camera_click_teleop/share/ament_index/resource_index/packages
copying package.xml -> /home/olamidipupo/ros2_ws/install/camera_click_teleop/share/camera_click_teleop
running install_egg_info
Copying ../../build/camera_click_teleop/camera_click_teleop.egg-info to /home/olamidipupo/ros2_ws/install/camera_click_teleop/lib/python3.10/site-packages/camera_click_teleop-0.0.0-py3.10.egg-info
running install_scripts
Installing click_teleop_node script to /home/olamidipupo/ros2_ws/install/camera_click_teleop/lib/camera_click_teleop
writing list of installed files to '/home/olamidipupo/ros2_ws/build/camera_click_teleop/install.log'
